<?xml version="1.0" encoding="UTF-8"?>
<robot generator="Robot 3.2.2 (Python 3.6.9 on linux)" generated="20201112 00:52:07.602" rpa="false">
<suite id="s1" name="Test" source="/home/kidlinton/workspace/web-assignment/robot/test.robot">
<test id="s1-t1" name="Get Page Without Logging In Using Chrome">
<kw name="open app with chrome">
<kw name="Open Browser" library="Selenium2Library">
<doc>Opens a new browser instance to the optional ``url``.</doc>
<arguments>
<arg>${TARGET}</arg>
<arg>chrome</arg>
</arguments>
<msg timestamp="20201112 00:52:08.381" level="INFO">Opening browser 'chrome' to base url 'http://localhost:5000/login'.</msg>
<kw name="Capture Page Screenshot" library="Selenium2Library">
<doc>Takes a screenshot of the current page and embeds it into a log file.</doc>
<msg timestamp="20201112 00:52:08.434" level="INFO">Cannot capture screenshot because no browser is open.</msg>
<status status="PASS" starttime="20201112 00:52:08.427" endtime="20201112 00:52:08.435"></status>
</kw>
<msg timestamp="20201112 00:52:08.443" level="FAIL">WebDriverException: Message: 'chromedriver' executable needs to be in PATH. Please see https://sites.google.com/a/chromium.org/chromedriver/home
</msg>
<status status="FAIL" starttime="20201112 00:52:08.380" endtime="20201112 00:52:08.443"></status>
</kw>
<status status="FAIL" starttime="20201112 00:52:08.379" endtime="20201112 00:52:08.444"></status>
</kw>
<status status="FAIL" starttime="20201112 00:52:08.373" endtime="20201112 00:52:08.445" critical="yes">WebDriverException: Message: 'chromedriver' executable needs to be in PATH. Please see https://sites.google.com/a/chromium.org/chromedriver/home
</status>
</test>
<test id="s1-t2" name="Get Page Without Logging In Using Firefox">
<kw name="open app with firefox">
<kw name="Open Browser" library="Selenium2Library">
<doc>Opens a new browser instance to the optional ``url``.</doc>
<arguments>
<arg>${TARGET}</arg>
<arg>firefox</arg>
</arguments>
<msg timestamp="20201112 00:52:08.460" level="INFO">Opening browser 'firefox' to base url 'http://localhost:5000/login'.</msg>
<msg timestamp="20201112 00:52:08.466" level="INFO">Firefox driver log is always forced to to: /home/kidlinton/workspace/web-assignment/robot/geckodriver-22.log</msg>
<kw name="Capture Page Screenshot" library="Selenium2Library">
<doc>Takes a screenshot of the current page and embeds it into a log file.</doc>
<msg timestamp="20201112 00:52:08.492" level="INFO">Cannot capture screenshot because no browser is open.</msg>
<status status="PASS" starttime="20201112 00:52:08.490" endtime="20201112 00:52:08.492"></status>
</kw>
<msg timestamp="20201112 00:52:08.498" level="FAIL">WebDriverException: Message: 'geckodriver' executable needs to be in PATH. 
</msg>
<status status="FAIL" starttime="20201112 00:52:08.454" endtime="20201112 00:52:08.498"></status>
</kw>
<status status="FAIL" starttime="20201112 00:52:08.453" endtime="20201112 00:52:08.498"></status>
</kw>
<status status="FAIL" starttime="20201112 00:52:08.451" endtime="20201112 00:52:08.499" critical="yes">WebDriverException: Message: 'geckodriver' executable needs to be in PATH. 
</status>
</test>
<test id="s1-t3" name="Login With Correct Pairs Using Chrome">
<kw name="open app with chrome">
<kw name="Open Browser" library="Selenium2Library">
<doc>Opens a new browser instance to the optional ``url``.</doc>
<arguments>
<arg>${TARGET}</arg>
<arg>chrome</arg>
</arguments>
<msg timestamp="20201112 00:52:08.515" level="INFO">Opening browser 'chrome' to base url 'http://localhost:5000/login'.</msg>
<kw name="Capture Page Screenshot" library="Selenium2Library">
<doc>Takes a screenshot of the current page and embeds it into a log file.</doc>
<msg timestamp="20201112 00:52:08.529" level="INFO">Cannot capture screenshot because no browser is open.</msg>
<status status="PASS" starttime="20201112 00:52:08.527" endtime="20201112 00:52:08.529"></status>
</kw>
<msg timestamp="20201112 00:52:08.535" level="FAIL">WebDriverException: Message: 'chromedriver' executable needs to be in PATH. Please see https://sites.google.com/a/chromium.org/chromedriver/home
</msg>
<status status="FAIL" starttime="20201112 00:52:08.514" endtime="20201112 00:52:08.535"></status>
</kw>
<status status="FAIL" starttime="20201112 00:52:08.509" endtime="20201112 00:52:08.536"></status>
</kw>
<status status="FAIL" starttime="20201112 00:52:08.500" endtime="20201112 00:52:08.542" critical="yes">WebDriverException: Message: 'chromedriver' executable needs to be in PATH. Please see https://sites.google.com/a/chromium.org/chromedriver/home
</status>
</test>
<test id="s1-t4" name="Login With Correct Pairs Using Firefox">
<kw name="open app with firefox">
<kw name="Open Browser" library="Selenium2Library">
<doc>Opens a new browser instance to the optional ``url``.</doc>
<arguments>
<arg>${TARGET}</arg>
<arg>firefox</arg>
</arguments>
<msg timestamp="20201112 00:52:08.555" level="INFO">Opening browser 'firefox' to base url 'http://localhost:5000/login'.</msg>
<msg timestamp="20201112 00:52:08.558" level="INFO">Firefox driver log is always forced to to: /home/kidlinton/workspace/web-assignment/robot/geckodriver-23.log</msg>
<kw name="Capture Page Screenshot" library="Selenium2Library">
<doc>Takes a screenshot of the current page and embeds it into a log file.</doc>
<msg timestamp="20201112 00:52:08.582" level="INFO">Cannot capture screenshot because no browser is open.</msg>
<status status="PASS" starttime="20201112 00:52:08.580" endtime="20201112 00:52:08.582"></status>
</kw>
<msg timestamp="20201112 00:52:08.585" level="FAIL">WebDriverException: Message: 'geckodriver' executable needs to be in PATH. 
</msg>
<status status="FAIL" starttime="20201112 00:52:08.554" endtime="20201112 00:52:08.589"></status>
</kw>
<status status="FAIL" starttime="20201112 00:52:08.551" endtime="20201112 00:52:08.590"></status>
</kw>
<status status="FAIL" starttime="20201112 00:52:08.544" endtime="20201112 00:52:08.594" critical="yes">WebDriverException: Message: 'geckodriver' executable needs to be in PATH. 
</status>
</test>
<test id="s1-t5" name="Login With Incorrect Pairs Using Chrome">
<kw name="open app with chrome">
<kw name="Open Browser" library="Selenium2Library">
<doc>Opens a new browser instance to the optional ``url``.</doc>
<arguments>
<arg>${TARGET}</arg>
<arg>chrome</arg>
</arguments>
<msg timestamp="20201112 00:52:08.612" level="INFO">Opening browser 'chrome' to base url 'http://localhost:5000/login'.</msg>
<kw name="Capture Page Screenshot" library="Selenium2Library">
<doc>Takes a screenshot of the current page and embeds it into a log file.</doc>
<msg timestamp="20201112 00:52:08.633" level="INFO">Cannot capture screenshot because no browser is open.</msg>
<status status="PASS" starttime="20201112 00:52:08.631" endtime="20201112 00:52:08.633"></status>
</kw>
<msg timestamp="20201112 00:52:08.642" level="FAIL">WebDriverException: Message: 'chromedriver' executable needs to be in PATH. Please see https://sites.google.com/a/chromium.org/chromedriver/home
</msg>
<status status="FAIL" starttime="20201112 00:52:08.611" endtime="20201112 00:52:08.642"></status>
</kw>
<status status="FAIL" starttime="20201112 00:52:08.610" endtime="20201112 00:52:08.643"></status>
</kw>
<status status="FAIL" starttime="20201112 00:52:08.603" endtime="20201112 00:52:08.646" critical="yes">WebDriverException: Message: 'chromedriver' executable needs to be in PATH. Please see https://sites.google.com/a/chromium.org/chromedriver/home
</status>
</test>
<test id="s1-t6" name="Login With Incorrect Pairs Using Firefox">
<kw name="open app with firefox">
<kw name="Open Browser" library="Selenium2Library">
<doc>Opens a new browser instance to the optional ``url``.</doc>
<arguments>
<arg>${TARGET}</arg>
<arg>firefox</arg>
</arguments>
<msg timestamp="20201112 00:52:08.667" level="INFO">Opening browser 'firefox' to base url 'http://localhost:5000/login'.</msg>
<msg timestamp="20201112 00:52:08.675" level="INFO">Firefox driver log is always forced to to: /home/kidlinton/workspace/web-assignment/robot/geckodriver-24.log</msg>
<kw name="Capture Page Screenshot" library="Selenium2Library">
<doc>Takes a screenshot of the current page and embeds it into a log file.</doc>
<msg timestamp="20201112 00:52:08.698" level="INFO">Cannot capture screenshot because no browser is open.</msg>
<status status="PASS" starttime="20201112 00:52:08.692" endtime="20201112 00:52:08.698"></status>
</kw>
<msg timestamp="20201112 00:52:08.699" level="FAIL">WebDriverException: Message: 'geckodriver' executable needs to be in PATH. 
</msg>
<status status="FAIL" starttime="20201112 00:52:08.666" endtime="20201112 00:52:08.700"></status>
</kw>
<status status="FAIL" starttime="20201112 00:52:08.655" endtime="20201112 00:52:08.700"></status>
</kw>
<status status="FAIL" starttime="20201112 00:52:08.649" endtime="20201112 00:52:08.706" critical="yes">WebDriverException: Message: 'geckodriver' executable needs to be in PATH. 
</status>
</test>
<status status="FAIL" starttime="20201112 00:52:07.607" endtime="20201112 00:52:08.708"></status>
</suite>
<statistics>
<total>
<stat pass="0" fail="6">Critical Tests</stat>
<stat pass="0" fail="6">All Tests</stat>
</total>
<tag>
</tag>
<suite>
<stat pass="0" fail="6" id="s1" name="Test">Test</stat>
</suite>
</statistics>
<errors>
</errors>
</robot>
